C:\Program Files\Microsoft Visual Studio\2022\Community\MSBuild\Microsoft\VC\v170\Microsoft.CppBuild.targets(503,5): warning MSB8004: Output Directory does not end with a trailing slash.  This build instance will add the slash as it is required to allow proper evaluation of the Output Directory.
  vertind.cpp
F:\Major Project\3DAPE\vertind.cpp(78,43): warning C4244: '=': conversion from 'T' to 'float', possible loss of data
          with
          [
              T=fbxsdk::FbxDouble
          ]
F:\Major Project\3DAPE\vertind.cpp(79,43): warning C4244: '=': conversion from 'T' to 'float', possible loss of data
          with
          [
              T=fbxsdk::FbxDouble
          ]
F:\Major Project\3DAPE\vertind.cpp(80,43): warning C4244: '=': conversion from 'T' to 'float', possible loss of data
          with
          [
              T=fbxsdk::FbxDouble
          ]
F:\Major Project\3DAPE\vertind.cpp(95,42): warning C4244: '=': conversion from 'T' to 'float', possible loss of data
          with
          [
              T=fbxsdk::FbxDouble
          ]
F:\Major Project\3DAPE\vertind.cpp(96,42): warning C4244: '=': conversion from 'T' to 'float', possible loss of data
          with
          [
              T=fbxsdk::FbxDouble
          ]
F:\Major Project\3DAPE\vertind.cpp(97,42): warning C4244: '=': conversion from 'T' to 'float', possible loss of data
          with
          [
              T=fbxsdk::FbxDouble
          ]
F:\Major Project\3DAPE\vertind.cpp(112,45): warning C4267: '=': conversion from 'size_t' to 'int', possible loss of data
F:\Major Project\3DAPE\vertind.cpp(113,43): warning C4267: '=': conversion from 'size_t' to 'int', possible loss of data
F:\Major Project\3DAPE\vertind.cpp(204,69): warning C4244: '=': conversion from 'T' to 'float', possible loss of data
          with
          [
              T=fbxsdk::FbxDouble
          ]
F:\Major Project\3DAPE\vertind.cpp(205,69): warning C4244: '=': conversion from 'T' to 'float', possible loss of data
          with
          [
              T=fbxsdk::FbxDouble
          ]
F:\Major Project\3DAPE\vertind.cpp(206,69): warning C4244: '=': conversion from 'T' to 'float', possible loss of data
          with
          [
              T=fbxsdk::FbxDouble
          ]
     Creating library ..\M0dl.lib and object ..\M0dl.exp
  M0dl.vcxproj -> F:\Major Project\3DAPE\M0dl.dll
