C:\Program Files\Microsoft Visual Studio\2022\Community\MSBuild\Microsoft\VC\v170\Microsoft.CppBuild.targets(503,5): warning MSB8004: Output Directory does not end with a trailing slash.  This build instance will add the slash as it is required to allow proper evaluation of the Output Directory.
  model.cpp
F:\Major Project\3DAPE\model.cpp(104,42): warning C4244: '=': conversion from 'T' to 'float', possible loss of data
          with
          [
              T=fbxsdk::FbxDouble
          ]
F:\Major Project\3DAPE\model.cpp(105,42): warning C4244: '=': conversion from 'T' to 'float', possible loss of data
          with
          [
              T=fbxsdk::FbxDouble
          ]
F:\Major Project\3DAPE\model.cpp(106,42): warning C4244: '=': conversion from 'T' to 'float', possible loss of data
          with
          [
              T=fbxsdk::FbxDouble
          ]
F:\Major Project\3DAPE\model.cpp(124,41): warning C4244: '=': conversion from 'T' to 'float', possible loss of data
          with
          [
              T=fbxsdk::FbxDouble
          ]
F:\Major Project\3DAPE\model.cpp(125,41): warning C4244: '=': conversion from 'T' to 'float', possible loss of data
          with
          [
              T=fbxsdk::FbxDouble
          ]
F:\Major Project\3DAPE\model.cpp(126,41): warning C4244: '=': conversion from 'T' to 'float', possible loss of data
          with
          [
              T=fbxsdk::FbxDouble
          ]
F:\Major Project\3DAPE\model.cpp(139,37): warning C4267: 'initializing': conversion from 'size_t' to 'int', possible loss of data
F:\Major Project\3DAPE\model.cpp(149,41): warning C4267: '=': conversion from 'size_t' to 'int', possible loss of data
F:\Major Project\3DAPE\model.cpp(151,40): warning C4267: '=': conversion from 'size_t' to 'int', possible loss of data
  vertind.cpp
     Creating library ..\M0dl.lib and object ..\M0dl.exp
  Generating code
  Previous IPDB and IOBJ mismatch, fall back to full compilation.
  All 155 functions were compiled because no usable IPDB/IOBJ from previous compilation was found.
  Finished generating code
  M0dl.vcxproj -> F:\Major Project\3DAPE\M0dl.dll
